
 Ansys Mechanical Enterprise Academic Student      


 *------------------------------------------------------------------*
 |                                                                  |
 |   W E L C O M E   T O   T H E   A N S Y S (R)  P R O G R A M     |
 |                                                                  |
 *------------------------------------------------------------------*




 ***************************************************************
 *         ANSYS MAPDL 2022 R2          LEGAL NOTICES          *
 ***************************************************************
 *                                                             *
 * Copyright 1971-2022 Ansys, Inc.  All rights reserved.       *
 * Unauthorized use, distribution or duplication is            *
 * prohibited.                                                 *
 *                                                             *
 * Ansys is a registered trademark of Ansys, Inc. or its       *
 * subsidiaries in the United States or other countries.       *
 * See the Ansys, Inc. online documentation or the Ansys, Inc. *
 * documentation CD or online help for the complete Legal      *
 * Notice.                                                     *
 *                                                             *
 ***************************************************************
 *                                                             *
 * THIS ANSYS SOFTWARE PRODUCT AND PROGRAM DOCUMENTATION       *
 * INCLUDE TRADE SECRETS AND CONFIDENTIAL AND PROPRIETARY      *
 * PRODUCTS OF ANSYS, INC., ITS SUBSIDIARIES, OR LICENSORS.    *
 * The software products and documentation are furnished by    *
 * Ansys, Inc. or its subsidiaries under a software license    *
 * agreement that contains provisions concerning               *
 * non-disclosure, copying, length and nature of use,          *
 * compliance with exporting laws, warranties, disclaimers,    *
 * limitations of liability, and remedies, and other           *
 * provisions.  The software products and documentation may be *
 * used, disclosed, transferred, or copied only in accordance  *
 * with the terms and conditions of that software license      *
 * agreement.                                                  *
 *                                                             *
 * Ansys, Inc. is a UL registered                              *
 * ISO 9001:2015 company.                                      *
 *                                                             *
 ***************************************************************
 *                                                             *
 * This product is subject to U.S. laws governing export and   *
 * re-export.                                                  *
 *                                                             *
 * For U.S. Government users, except as specifically granted   *
 * by the Ansys, Inc. software license agreement, the use,     *
 * duplication, or disclosure by the United States Government  *
 * is subject to restrictions stated in the Ansys, Inc.        *
 * software license agreement and FAR 12.212 (for non-DOD      *
 * licenses).                                                  *
 *                                                             *
 ***************************************************************

 2022 R2 
     
 Point Releases and Patches installed:   
     
 Ansys, Inc. Products 2022 R2
 Autodyn 2022 R2 
 SpaceClaim 2022 R2  
 CFX (includes CFD-Post) 2022 R2 
 Chemkin 2022 R2 
 EnSight 2022 R2 
 FENSAP-ICE 2022 R2  
 Fluent (includes CFD-Post) 2022 R2  
 Polyflow (includes CFD-Post) 2022 R2
 Forte (includes EnSight) 2022 R2
 TurboGrid 2022 R2   
 Aqwa 2022 R2
 Mechanical Products 2022 R2 
 ACIS Geometry Interface 2022 R2 
 AutoCAD Geometry Interface 2022 R2  
 Catia, Version 4 Geometry Interface 2022 R2 
 Catia, Version 5 Geometry Interface 2022 R2 
 Catia, Version 6 Geometry Interface 2022 R2 
 Creo Elements/Direct Modeling Geometry Interface 2022 R2
 Creo Parametric Geometry Interface 2022 R2  
 Inventor Geometry Interface 2022 R2 
 JTOpen Geometry Interface 2022 R2   
 NX Geometry Interface 2022 R2   
 Parasolid Geometry Interface  2022 R2   
 Solid Edge Geometry Interface 2022 R2   
 SOLIDWORKS Geometry Interface 2022 R2   
 Academic Student 2022 R2


          *****  MAPDL COMMAND LINE ARGUMENTS  *****
  BATCH MODE REQUESTED (-b)    = NOLIST
  INPUT FILE COPY MODE (-c)    = COPY
  DISTRIBUTED MEMORY PARALLEL REQUESTED
       4 PARALLEL PROCESSES REQUESTED WITH SINGLE THREAD PER PROCESS
    TOTAL OF     4 CORES REQUESTED
  INPUT FILE NAME              = C:\Users\akten\Desktop\Barbaros mekanik analiz\_ProjectScratch\Scr328F\dummy.dat
  OUTPUT FILE NAME             = C:\Users\akten\Desktop\Barbaros mekanik analiz\_ProjectScratch\Scr328F\solve.out
  START-UP FILE MODE           = NOREAD
  STOP FILE MODE               = NOREAD

 RELEASE= 2022 R2              BUILD= 22.2      UP20220516   VERSION=WINDOWS x64 
 CURRENT JOBNAME=file0  18:37:56  DEC 17, 2022 CP=      0.000


 PARAMETER _DS_PROGRESS =     999.0000000    

 /INPUT FILE= ds.dat  LINE=       0



 *** NOTE ***                            CP =       0.094   TIME= 18:37:56
 The /CONFIG,NOELDB command is not valid in a distributed memory         
 parallel solution.  Command is ignored.                                 

 *GET  _WALLSTRT  FROM  ACTI  ITEM=TIME WALL  VALUE=  18.6322222    

 TITLE= 
 d--Static Structural (C5)                                                     

  ACT Extensions:
      LSDYNA, 2022.2
      5f463412-bd3e-484b-87e7-cbc0a665e474, wbex
 /COM,     ANSYSMotion, 2022.2
      20180725-3f81-49eb-9f31-41364844c769, wbex
 /COM,     Offshore, 2022.2
      4563255d-fb65-4d3b-98a3-5ca86b8e5d91, wbex
 /COM,     AqwaLoadMapping, 2022.2
      4a217913-2035-4362-96b3-10d129d8ee46, wbex
  

 SET PARAMETER DIMENSIONS ON  _WB_PROJECTSCRATCH_DIR
  TYPE=STRI  DIMENSIONS=      248        1        1

 PARAMETER _WB_PROJECTSCRATCH_DIR(1) = C:\Users\akten\Desktop\Barbaros mekanik analiz\_ProjectScratch\Scr328F\

 SET PARAMETER DIMENSIONS ON  _WB_SOLVERFILES_DIR
  TYPE=STRI  DIMENSIONS=      248        1        1

 PARAMETER _WB_SOLVERFILES_DIR(1) = C:\Users\akten\Desktop\Barbaros mekanik analiz\d_files\dp0\SYS\MECH\

 SET PARAMETER DIMENSIONS ON  _WB_USERFILES_DIR
  TYPE=STRI  DIMENSIONS=      248        1        1

 PARAMETER _WB_USERFILES_DIR(1) = C:\Users\akten\Desktop\Barbaros mekanik analiz\d_files\user_files\
 --- Data in consistent MKS units. See Solving Units in the help system for more

 MKS UNITS SPECIFIED FOR INTERNAL    
  LENGTH        (l)  = METER (M)
  MASS          (M)  = KILOGRAM (KG)
  TIME          (t)  = SECOND (SEC)
  TEMPERATURE   (T)  = CELSIUS (C)
  TOFFSET            = 273.0
  CHARGE        (Q)  = COULOMB
  FORCE         (f)  = NEWTON (N) (KG-M/SEC2)
  HEAT               = JOULE (N-M)

  PRESSURE           = PASCAL (NEWTON/M**2)
  ENERGY        (W)  = JOULE (N-M)
  POWER         (P)  = WATT (N-M/SEC)
  CURRENT       (i)  = AMPERE (COULOMBS/SEC)
  CAPACITANCE   (C)  = FARAD
  INDUCTANCE    (L)  = HENRY
  MAGNETIC FLUX      = WEBER
  RESISTANCE    (R)  = OHM
  ELECTRIC POTENTIAL = VOLT

 INPUT  UNITS ARE ALSO SET TO MKS 

 *** MAPDL - ENGINEERING ANALYSIS SYSTEM  RELEASE 2022 R2          22.2     ***
 Ansys Mechanical Enterprise Academic Student      
 00000000  VERSION=WINDOWS x64   18:37:56  DEC 17, 2022 CP=      0.094

 d--Static Structural (C5)                                                     



          ***** MAPDL ANALYSIS DEFINITION (PREP7) *****
 *********** Nodes for the whole assembly ***********
 *********** Elements for Body 1 "Govde" ***********
 *********** Send User Defined Coordinate System(s) ***********
 *********** Set Reference Temperature ***********
 *********** Send Materials ***********
 *********** Fixed Supports ***********
 *********** Create Hydrostatic Pressure ***********
 *********** Define Force Using Surface Effect Elements ***********


 ***** ROUTINE COMPLETED *****  CP =         0.812


 --- Number of total nodes = 81897
 --- Number of contact elements = 2721
 --- Number of spring elements = 0
 --- Number of bearing elements = 0
 --- Number of solid elements = 42595
 --- Number of condensed parts = 0
 --- Number of total elements = 45316

 *GET  _WALLBSOL  FROM  ACTI  ITEM=TIME WALL  VALUE=  18.6322222    
 ****************************************************************************
 *************************    SOLUTION       ********************************
 ****************************************************************************

 *****  MAPDL SOLUTION ROUTINE  *****


 PERFORM A STATIC ANALYSIS
  THIS WILL BE A NEW ANALYSIS

 PARAMETER _THICKRATIO =     1.000000000    

 USE PRECONDITIONED CONJUGATE GRADIENT SOLVER
  CONVERGENCE TOLERANCE = 1.00000E-08
  MAXIMUM ITERATION     = NumNode*DofPerNode*  1.0000    

 CONTACT INFORMATION PRINTOUT LEVEL       1

 DO NOT COMBINE ELEMENT MATRIX FILES (.emat) AFTER DISTRIBUTED PARALLEL SOLUTION

 DO NOT COMBINE ELEMENT SAVE DATA FILES (.esav) AFTER DISTRIBUTED PARALLEL SOLUTION

 NLDIAG: Nonlinear diagnostics CONT option is set to ON. 
         Writing frequency : each ITERATION.

 DO NOT SAVE ANY RESTART FILES AT ALL
 ****************************************************
 ******************* SOLVE FOR LS 1 OF 1 ****************

 SELECT       FOR ITEM=TYPE COMPONENT=    
  IN RANGE         2 TO          2 STEP          1

       1667  ELEMENTS (OF      45316  DEFINED) SELECTED BY  ESEL  COMMAND.

 SELECT      ALL NODES HAVING ANY ELEMENT IN ELEMENT SET.

       3536 NODES (OF      81897  DEFINED) SELECTED FROM
     1667 SELECTED ELEMENTS BY NSLE COMMAND.

 GENERATE SURFACE LOAD PRES ON SURFACE DEFINED BY ALL SELECTED NODES
 SET ACCORDING TO TABLE PARAMETER = _LOADVARI79R                    

 NUMBER OF PRES ELEMENT FACE LOADS STORED =       1667

 ALL SELECT   FOR ITEM=NODE COMPONENT=    
  IN RANGE         1 TO      81897 STEP          1

      81897  NODES (OF      81897  DEFINED) SELECTED BY NSEL  COMMAND.

 ALL SELECT   FOR ITEM=ELEM COMPONENT=    
  IN RANGE         1 TO      69686 STEP          1

      45316  ELEMENTS (OF      45316  DEFINED) SELECTED BY  ESEL  COMMAND.

 SELECT       FOR ITEM=TYPE COMPONENT=    
  IN RANGE         3 TO          3 STEP          1

       1054  ELEMENTS (OF      45316  DEFINED) SELECTED BY  ESEL  COMMAND.

 SELECT      ALL NODES HAVING ANY ELEMENT IN ELEMENT SET.

       2311 NODES (OF      81897  DEFINED) SELECTED FROM
     1054 SELECTED ELEMENTS BY NSLE COMMAND.

 SPECIFIED SURFACE LOAD PRES FOR ALL SELECTED ELEMENTS  LKEY =  1   KVAL = 1
     VALUES =     0.0000         0.0000         0.0000         0.0000    

 SPECIFIED SURFACE LOAD PRES FOR ALL SELECTED ELEMENTS  LKEY =  2   KVAL = 1
     VALUES =     2481.2         2481.2         2481.2         2481.2    

 SPECIFIED SURFACE LOAD PRES FOR ALL SELECTED ELEMENTS  LKEY =  3   KVAL = 1
     VALUES =     0.0000         0.0000         0.0000         0.0000    

 ALL SELECT   FOR ITEM=NODE COMPONENT=    
  IN RANGE         1 TO      81897 STEP          1

      81897  NODES (OF      81897  DEFINED) SELECTED BY NSEL  COMMAND.

 ALL SELECT   FOR ITEM=ELEM COMPONENT=    
  IN RANGE         1 TO      69686 STEP          1

      45316  ELEMENTS (OF      45316  DEFINED) SELECTED BY  ESEL  COMMAND.

 PRINTOUT RESUMED BY /GOP

 USE       1 SUBSTEPS INITIALLY THIS LOAD STEP FOR ALL  DEGREES OF FREEDOM
 FOR AUTOMATIC TIME STEPPING:
   USE      1 SUBSTEPS AS A MAXIMUM
   USE      1 SUBSTEPS AS A MINIMUM

 TIME=  1.0000    

 ERASE THE CURRENT DATABASE OUTPUT CONTROL TABLE.


 WRITE ALL  ITEMS TO THE DATABASE WITH A FREQUENCY OF NONE
   FOR ALL APPLICABLE ENTITIES

 WRITE NSOL ITEMS TO THE DATABASE WITH A FREQUENCY OF ALL 
   FOR ALL APPLICABLE ENTITIES

 WRITE RSOL ITEMS TO THE DATABASE WITH A FREQUENCY OF ALL 
   FOR ALL APPLICABLE ENTITIES

 WRITE EANG ITEMS TO THE DATABASE WITH A FREQUENCY OF ALL 
   FOR ALL APPLICABLE ENTITIES

 WRITE ETMP ITEMS TO THE DATABASE WITH A FREQUENCY OF ALL 
   FOR ALL APPLICABLE ENTITIES

 WRITE VENG ITEMS TO THE DATABASE WITH A FREQUENCY OF ALL 
   FOR ALL APPLICABLE ENTITIES

 WRITE STRS ITEMS TO THE DATABASE WITH A FREQUENCY OF ALL 
   FOR ALL APPLICABLE ENTITIES

 WRITE EPEL ITEMS TO THE DATABASE WITH A FREQUENCY OF ALL 
   FOR ALL APPLICABLE ENTITIES

 WRITE EPPL ITEMS TO THE DATABASE WITH A FREQUENCY OF ALL 
   FOR ALL APPLICABLE ENTITIES

 WRITE CONT ITEMS TO THE DATABASE WITH A FREQUENCY OF ALL 
   FOR ALL APPLICABLE ENTITIES

 *GET  ANSINTER_  FROM  ACTI  ITEM=INT        VALUE=  0.00000000    

 *IF  ANSINTER_                         ( =   0.00000     )  NE  
      0                                 ( =   0.00000     )  THEN    

 *ENDIF

 *** NOTE ***                            CP =       1.016   TIME= 18:37:56
 The automatic domain decomposition logic has selected the MESH domain   
 decomposition method with 4 processes per solution.                     

 *****  MAPDL SOLVE    COMMAND  *****

 *** WARNING ***                         CP =       1.062   TIME= 18:37:56
 Element shape checking is currently inactive.  Issue SHPP,ON or         
 SHPP,WARN to reactivate, if desired.                                    

 *** NOTE ***                            CP =       1.359   TIME= 18:37:57
 The model data was checked and warning messages were found.             
  Please review output or errors file ( C:\Users\akten\Desktop\Barbaros  
 mekanik analiz\_ProjectScratch\Scr328F\file0.err ) for these warning    
 messages.                                                               

 *** SELECTION OF ELEMENT TECHNOLOGIES FOR APPLICABLE ELEMENTS ***
      --- GIVE SUGGESTIONS AND RESET THE KEY OPTIONS ---

 ELEMENT TYPE         1 IS SOLID187. IT IS NOT ASSOCIATED WITH FULLY INCOMPRESSIBLE
 HYPERELASTIC MATERIALS. NO SUGGESTION IS AVAILABLE AND NO RESETTING IS NEEDED.



 *** MAPDL - ENGINEERING ANALYSIS SYSTEM  RELEASE 2022 R2          22.2     ***
 Ansys Mechanical Enterprise Academic Student      
 00000000  VERSION=WINDOWS x64   18:37:57  DEC 17, 2022 CP=      1.359

 d--Static Structural (C5)                                                     



                       S O L U T I O N   O P T I O N S

   PROBLEM DIMENSIONALITY. . . . . . . . . . . . .3-D                  
   DEGREES OF FREEDOM. . . . . . UX   UY   UZ  
   ANALYSIS TYPE . . . . . . . . . . . . . . . . .STATIC (STEADY-STATE)
   OFFSET TEMPERATURE FROM ABSOLUTE ZERO . . . . .  273.15    
   EQUATION SOLVER OPTION. . . . . . . . . . . . .PCG                
      TOLERANCE. . . . . . . . . . . . . . . . . . 1.00000E-08
   GLOBALLY ASSEMBLED MATRIX . . . . . . . . . . .SYMMETRIC  

 *** NOTE ***                            CP =       1.375   TIME= 18:37:57
 Poisson's ratio PR input has been converted to NU input.                

 *** WARNING ***                         CP =       1.375   TIME= 18:37:57
 Material number 2 (used by element 66966) should normally have at least 
 one MP or one TB type command associated with it.  Output of energy by  
 material may not be available.                                          

 *** NOTE ***                            CP =       1.375   TIME= 18:37:57
 The step data was checked and warning messages were found.              
  Please review output or errors file ( C:\Users\akten\Desktop\Barbaros  
 mekanik analiz\_ProjectScratch\Scr328F\file0.err ) for these warning    
 messages.                                                               

 *** NOTE ***                            CP =       1.375   TIME= 18:37:57
 The conditions for direct assembly have been met.  No .emat or .erot    
 files will be produced.                                                 

  
  
     D I S T R I B U T E D   D O M A I N   D E C O M P O S E R
  
  ...Number of elements: 45316
  ...Number of nodes:    81897
  ...Decompose to 4 CPU domains
  ...Element load balance ratio =     1.041


                      L O A D   S T E P   O P T I O N S

   LOAD STEP NUMBER. . . . . . . . . . . . . . . .     1
   TIME AT END OF THE LOAD STEP. . . . . . . . . .  1.0000    
   NUMBER OF SUBSTEPS. . . . . . . . . . . . . . .     1
   STEP CHANGE BOUNDARY CONDITIONS . . . . . . . .    NO
   PRINT OUTPUT CONTROLS . . . . . . . . . . . . .NO PRINTOUT
   DATABASE OUTPUT CONTROLS
      ITEM     FREQUENCY   COMPONENT
       ALL       NONE               
      NSOL        ALL               
      RSOL        ALL               
      EANG        ALL               
      ETMP        ALL               
      VENG        ALL               
      STRS        ALL               
      EPEL        ALL               
      EPPL        ALL               
      CONT        ALL               


 SOLUTION MONITORING INFO IS WRITTEN TO FILE= file.mntr                                                                                                                                                                                                                                                           


 *** NOTE ***                            CP =       1.469   TIME= 18:37:57
 The PCG solver has automatically set the level of difficulty for this   
 model to 2.                                                             


                         ***********  PRECISE MASS SUMMARY  ***********

   TOTAL RIGID BODY MASS MATRIX ABOUT ORIGIN
               Translational mass               |   Coupled translational/rotational mass
         131.27        0.0000        0.0000     |     0.0000        52.000      -0.80077E-05
         0.0000        131.27        0.0000     |    -52.000        0.0000        71.483    
         0.0000        0.0000        131.27     |    0.80077E-05   -71.483        0.0000    
     ------------------------------------------ | ------------------------------------------
                                                |         Rotational mass (inertia)
                                                |     32.955       0.26094E-05   -27.337    
                                                |    0.26094E-05    77.385      -0.20678E-05
                                                |    -27.337      -0.20678E-05    62.913    

   TOTAL MASS =  131.27    
     The mass principal axes coincide with the global Cartesian axes

   CENTER OF MASS (X,Y,Z)=   0.54456       0.61003E-07   0.39614    

   TOTAL INERTIA ABOUT CENTER OF MASS
         12.356       0.69701E-05   0.97997    
        0.69701E-05    17.859       0.11044E-05
        0.97997       0.11044E-05    23.986    

   PRINCIPAL INERTIAS =    12.274        17.859        24.068    
   ORIENTATION VECTORS OF THE INERTIA PRINCIPAL AXES IN GLOBAL CARTESIAN
     ( 0.997,-0.000,-0.083) ( 0.000, 1.000,-0.000) ( 0.083, 0.000, 0.997) 


  *** MASS SUMMARY BY ELEMENT TYPE ***

  TYPE      MASS
     1   131.267    

 Range of element maximum matrix coefficients in global coordinates
 Maximum = 1.666966417E+10 at element 42409.                             
 Minimum = 24286101.6 at element 42075.                                  

   *** ELEMENT MATRIX FORMULATION TIMES
     TYPE    NUMBER   ENAME      TOTAL CP  AVE CP

        1     42595  SOLID187      1.000   0.000023
        2      1667  SURF154       0.000   0.000000
        3      1054  SURF154       0.000   0.000000
 Time at end of element matrix formulation CP = 1.640625.                
 Iteration=    10 Ratio=  0.203215     Limit=  1.000000E-08 Wall=     0.1
 Iteration=   160 Ratio=  9.076129E-04 Limit=  1.000000E-08 Wall=     2.2
 Iteration=   650 Ratio=  2.928009E-06 Limit=  1.000000E-08 Wall=     8.0

 DISTRIBUTED PCG SOLVER SOLUTION CONVERGED

 DISTRIBUTED PCG SOLVER SOLUTION STATISTICS

   NUMBER OF ITERATIONS=        1331
   NUMBER OF EQUATIONS =      245691
   LEVEL OF CONVERGENCE=           1
   CALCULATED NORM     = 0.99612E-08
   SPECIFIED TOLERANCE = 0.10000E-07
   TOTAL CPU TIME (sec)=        7.38
   TOTAL WALL TIME(sec)=       19.50
   TOTAL MEMORY (GB)   =        0.11


   *** ELEMENT RESULT CALCULATION TIMES
     TYPE    NUMBER   ENAME      TOTAL CP  AVE CP

        1     42595  SOLID187      0.562   0.000013
        2      1667  SURF154       0.016   0.000009
        3      1054  SURF154       0.016   0.000015

   *** NODAL LOAD CALCULATION TIMES
     TYPE    NUMBER   ENAME      TOTAL CP  AVE CP

        1     42595  SOLID187      0.109   0.000003
        2      1667  SURF154       0.000   0.000000
        3      1054  SURF154       0.000   0.000000
 *** LOAD STEP     1   SUBSTEP     1  COMPLETED.    CUM ITER =      1
 *** TIME =   1.00000         TIME INC =   1.00000      NEW TRIANG MATRIX

 *** NOTE ***                            CP =       9.172   TIME= 18:38:19
 During this loadstep the PCG iterative solver took more than 1000       
 iterations to solve the system of equations.  In the future it may be   
 more efficient to choose a direct solver, such as the SPARSE solver,    
 for this analysis.                                                      


 *** MAPDL BINARY FILE STATISTICS
  BUFFER SIZE USED= 16384
        8.062 MB WRITTEN ON RESULTS FILE: file0.rst
 *************** Write FE CONNECTORS *********

 WRITE OUT CONSTRAINT EQUATIONS TO FILE= file.ce                                                                                                                                                                                                                                                             
 ****************************************************
 *************** FINISHED SOLVE FOR LS 1 *************

 *GET  _WALLASOL  FROM  ACTI  ITEM=TIME WALL  VALUE=  18.6386111    

 PRINTOUT RESUMED BY /GOP

 *GET  _PCGITER  FROM  ACTI  ITEM=SOLU CGIT  VALUE=  1331.00000    

 FINISH SOLUTION PROCESSING


 ***** ROUTINE COMPLETED *****  CP =         9.312



 *** MAPDL - ENGINEERING ANALYSIS SYSTEM  RELEASE 2022 R2          22.2     ***
 Ansys Mechanical Enterprise Academic Student      
 00000000  VERSION=WINDOWS x64   18:38:19  DEC 17, 2022 CP=      9.312

 d--Static Structural (C5)                                                     



          ***** MAPDL RESULTS INTERPRETATION (POST1) *****

 *** NOTE ***                            CP =       9.312   TIME= 18:38:19
 Reading results into the database (SET command) will update the current 
 displacement and force boundary conditions in the database with the     
 values from the results file for that load set.  Note that any          
 subsequent solutions will use these values unless action is taken to    
 either SAVE the current values or not overwrite them (/EXIT,NOSAVE).    

 Set Encoding of XML File to:ISO-8859-1

 Set Output of XML File to:
     PARM,     ,     ,     ,     ,     ,     ,     ,     ,     ,     ,     ,
         ,     ,     ,     ,     ,     ,     ,

 DATABASE WRITTEN ON FILE  parm.xml                                                                                                                                                                                                                                                            

 EXIT THE MAPDL POST1 DATABASE PROCESSOR


 ***** ROUTINE COMPLETED *****  CP =         9.312



 PRINTOUT RESUMED BY /GOP

 *GET  _WALLDONE  FROM  ACTI  ITEM=TIME WALL  VALUE=  18.6386111    

 PARAMETER _PREPTIME =     0.000000000    

 PARAMETER _SOLVTIME =     23.00000000    

 PARAMETER _POSTTIME =     0.000000000    

 PARAMETER _TOTALTIM =     23.00000000    

 *GET  _DLBRATIO  FROM  ACTI  ITEM=SOLU DLBR  VALUE=  1.04051549    

 *GET  _COMBTIME  FROM  ACTI  ITEM=SOLU COMB  VALUE= 0.141338900    

 *GET  _SSMODE   FROM  ACTI  ITEM=SOLU SSMM  VALUE=  0.00000000    

 *GET  _NDOFS    FROM  ACTI  ITEM=SOLU NDOF  VALUE=  243582.000    

 *GET  _SOL_END_TIME  FROM  ACTI  ITEM=SET  TIME  VALUE=  1.00000000    

 *IF  _sol_end_time                     ( =   1.00000     )  EQ  
      1.000000                          ( =   1.00000     )  THEN    

 /FCLEAN COMMAND REMOVING ALL LOCAL FILES

 *ENDIF
 --- Total number of nodes = 81897
 --- Total number of elements = 45316
 --- Element load balance ratio = 1.04051549
 --- Time to combine distributed files = 0.1413389
 --- Sparse memory mode = 0
 --- Number of DOF = 243582

 EXIT MAPDL WITHOUT SAVING DATABASE


 NUMBER OF WARNING MESSAGES ENCOUNTERED=          2
 NUMBER OF ERROR   MESSAGES ENCOUNTERED=          0

+--------------------- M A P D L   S T A T I S T I C S ------------------------+

Release: 2022 R2            Build: 22.2       Update: UP20220516   Platform: WINDOWS x64 
Date Run: 12/17/2022   Time: 18:38     Process ID: 18360
Operating System: Windows 10  (Build: 22621)

Processor Model: Intel(R) Core(TM) i7-10750H CPU @ 2.60GHz

Compiler: Intel(R) Fortran Compiler Version 19.0.5  (Build: 20190815)
          Intel(R) C/C++ Compiler Version 19.0.5  (Build: 20190815)
          Intel(R) Math Kernel Library Version 2020.0.0 Product Build 20191125
          BLAS Library supplied by Intel(R) MKL

Number of machines requested            :    1
Total number of cores available         :   12
Number of physical cores available      :    6
Number of processes requested           :    4
Number of threads per process requested :    1
Total number of cores requested         :    4 (Distributed Memory Parallel)               
MPI Type: INTELMPI
MPI Version: Intel(R) MPI Library 2021.5 for Windows* OS


GPU Acceleration: Not Requested

Job Name: file0
Input File: dummy.dat

  Core                Machine Name   Working Directory
 -----------------------------------------------------
     0                       Akten   C:\Users\akten\Desktop\Barbaros mekanik analiz\_ProjectScratch\Scr328F
     1                       Akten   C:\Users\akten\Desktop\Barbaros mekanik analiz\_ProjectScratch\Scr328F
     2                       Akten   C:\Users\akten\Desktop\Barbaros mekanik analiz\_ProjectScratch\Scr328F
     3                       Akten   C:\Users\akten\Desktop\Barbaros mekanik analiz\_ProjectScratch\Scr328F
 
Latency time from master to core     1 =    5.941 microseconds
Latency time from master to core     2 =    6.030 microseconds
Latency time from master to core     3 =    5.839 microseconds
 
Communication speed from master to core     1 =  4070.25 MB/sec
Communication speed from master to core     2 =  4388.13 MB/sec
Communication speed from master to core     3 =  5313.71 MB/sec

Total CPU time for main thread                    :        8.4 seconds
Total CPU time summed for all threads             :        9.7 seconds

Elapsed time spent obtaining a license            :        0.3 seconds
Elapsed time spent pre-processing model (/PREP7)  :        0.4 seconds
Elapsed time spent solution - preprocessing       :        0.6 seconds
Elapsed time spent computing solution             :       22.0 seconds
Elapsed time spent solution - postprocessing      :        0.1 seconds
Elapsed time spent post-processing model (/POST1) :        0.0 seconds
 
Equation solver used                              :            PCG (symmetric)
Equation solver computational rate                :        5.2 Gflops

Sum of memory used on all processes               :      538.0 MB
Sum of memory allocated on all processes          :     5184.0 MB
Physical memory available                         :         16 GB

Total amount of I/O written to disk               :        0.1 GB
Total amount of I/O read from disk                :        0.0 GB

+------------------ E N D   M A P D L   S T A T I S T I C S -------------------+


 *---------------------------------------------------------------------------*
 |                                                                           |
 |                               RUN COMPLETED                               |
 |                                                                           |
 |---------------------------------------------------------------------------|
 |                                                                           |
 |  Ansys MAPDL 2022 R2         Build 22.2         UP20220516    WINDOWS x64 |
 |                                                                           |
 |---------------------------------------------------------------------------|
 |                                                                           |
 | Database Requested(-db)  1024 MB    Scratch Memory Requested      1024 MB |
 | Maximum Database Used      60 MB    Maximum Scratch Memory Used    141 MB |
 |                                                                           |
 |---------------------------------------------------------------------------|
 |                                                                           |
 |        CP Time      (sec) =          9.672       Time  =  18:38:20        |
 |        Elapsed Time (sec) =         26.000       Date  =  12/17/2022      |
 |                                                                           |
 *---------------------------------------------------------------------------*
