"drag-coefficent"
"Iteration" "drag-coefficent"
("Iteration" "drag-coefficent" "drag-coefficent(instantaneous values)")
1 43.97673033939622 43.97673033939622
2 86.52865971675122 86.52865971675122
3 118.8454996431496 118.8454996431496
4 141.7649698407629 141.7649698407629
5 157.5615583379259 157.5615583379259
6 168.5547610882911 168.5547610882911
7 176.6324702756031 176.6324702756031
8 182.8696593867884 182.8696593867884
9 187.8413197912857 187.8413197912857
10 191.8317810134772 191.8317810134772
11 195.0472410433677 195.0472410433677
12 197.6120547263479 197.6120547263479
13 199.6535412883723 199.6535412883723
14 201.2577268559301 201.2577268559301
15 202.5219280079324 202.5219280079324
16 203.5082188551595 203.5082188551595
17 204.2829662518361 204.2829662518361
